
Lmod is automatically replacing "Python/3.6.4" with "Conda/3".

Begining prokka annotations
Tue Aug 30 13:57:24 EDT 2022
 
 
Cen08_13102015_R1_S1
Tue Aug 30 13:57:24 EDT 2022
 
 
Getting contig stats and renaming contigs to be shorter
 
Number of arguments:  5 arguments.
Input contig directory:  /mnt/research/ShadeLab/Barnett/Centralia_metagenome/filt_contigs/
Directory for stats:  /mnt/research/ShadeLab/Barnett/Centralia_metagenome/annotations/contig_stats/
Output contig directory:  /mnt/scratch/barne424/Centralia_metagenome/temp_contigs/
Sample:  Cen08_13102015_R1_S1

---

Performing annotation
 


Warning:  Sequence is long (max 32000000 for training).
Training on the first 32000000 bases.

 
 
Done!
Tue Aug 30 15:26:09 EDT 2022
 
 
Cen08_12102016_R1_S2
Tue Aug 30 15:26:09 EDT 2022
 
 
Getting contig stats and renaming contigs to be shorter
 
Number of arguments:  5 arguments.
Input contig directory:  /mnt/research/ShadeLab/Barnett/Centralia_metagenome/filt_contigs/
Directory for stats:  /mnt/research/ShadeLab/Barnett/Centralia_metagenome/annotations/contig_stats/
Output contig directory:  /mnt/scratch/barne424/Centralia_metagenome/temp_contigs/
Sample:  Cen08_12102016_R1_S2

---

Performing annotation
 


Warning:  Sequence is long (max 32000000 for training).
Training on the first 32000000 bases.

 
 
Done!
Tue Aug 30 16:36:48 EDT 2022
 
 
Cen08_21102017_R1_S3
Tue Aug 30 16:36:48 EDT 2022
 
 
Getting contig stats and renaming contigs to be shorter
 
Number of arguments:  5 arguments.
Input contig directory:  /mnt/research/ShadeLab/Barnett/Centralia_metagenome/filt_contigs/
Directory for stats:  /mnt/research/ShadeLab/Barnett/Centralia_metagenome/annotations/contig_stats/
Output contig directory:  /mnt/scratch/barne424/Centralia_metagenome/temp_contigs/
Sample:  Cen08_21102017_R1_S3

---

Performing annotation
 


Warning:  Sequence is long (max 32000000 for training).
Training on the first 32000000 bases.

 
 
Done!
Tue Aug 30 17:20:51 EDT 2022
 
 
Cen08_04102018_R1_S4
Tue Aug 30 17:20:51 EDT 2022
 
 
Getting contig stats and renaming contigs to be shorter
 
Number of arguments:  5 arguments.
Input contig directory:  /mnt/research/ShadeLab/Barnett/Centralia_metagenome/filt_contigs/
Directory for stats:  /mnt/research/ShadeLab/Barnett/Centralia_metagenome/annotations/contig_stats/
Output contig directory:  /mnt/scratch/barne424/Centralia_metagenome/temp_contigs/
Sample:  Cen08_04102018_R1_S4

---

Performing annotation
 


Warning:  Sequence is long (max 32000000 for training).
Training on the first 32000000 bases.

 
 
Done!
Tue Aug 30 18:02:01 EDT 2022
 
 
Cen08_15102020_R1_S5
Tue Aug 30 18:02:01 EDT 2022
 
 
Getting contig stats and renaming contigs to be shorter
 
Number of arguments:  5 arguments.
Input contig directory:  /mnt/research/ShadeLab/Barnett/Centralia_metagenome/filt_contigs/
Directory for stats:  /mnt/research/ShadeLab/Barnett/Centralia_metagenome/annotations/contig_stats/
Output contig directory:  /mnt/scratch/barne424/Centralia_metagenome/temp_contigs/
Sample:  Cen08_15102020_R1_S5

---

Performing annotation
 


Warning:  Sequence is long (max 32000000 for training).
Training on the first 32000000 bases.

 
 
Done!
Tue Aug 30 18:51:21 EDT 2022
 
 
Cen08_06102021_R1_S6
Tue Aug 30 18:51:21 EDT 2022
 
 
Getting contig stats and renaming contigs to be shorter
 
Number of arguments:  5 arguments.
Input contig directory:  /mnt/research/ShadeLab/Barnett/Centralia_metagenome/filt_contigs/
Directory for stats:  /mnt/research/ShadeLab/Barnett/Centralia_metagenome/annotations/contig_stats/
Output contig directory:  /mnt/scratch/barne424/Centralia_metagenome/temp_contigs/
Sample:  Cen08_06102021_R1_S6

---

Performing annotation
 


Warning:  Sequence is long (max 32000000 for training).
Training on the first 32000000 bases.

 
 
Done!
Tue Aug 30 19:52:56 EDT 2022
 
 
Cen11_12102015_R1_S7
Tue Aug 30 19:52:56 EDT 2022
 
 
Getting contig stats and renaming contigs to be shorter
 
Number of arguments:  5 arguments.
Input contig directory:  /mnt/research/ShadeLab/Barnett/Centralia_metagenome/filt_contigs/
Directory for stats:  /mnt/research/ShadeLab/Barnett/Centralia_metagenome/annotations/contig_stats/
Output contig directory:  /mnt/scratch/barne424/Centralia_metagenome/temp_contigs/
Sample:  Cen11_12102015_R1_S7

---

Performing annotation
 


Warning:  Sequence is long (max 32000000 for training).
Training on the first 32000000 bases.

 
 
Done!
Tue Aug 30 21:10:03 EDT 2022
 
 
Cen11_11102016_R1_S8
Tue Aug 30 21:10:03 EDT 2022
 
 
Getting contig stats and renaming contigs to be shorter
 
Number of arguments:  5 arguments.
Input contig directory:  /mnt/research/ShadeLab/Barnett/Centralia_metagenome/filt_contigs/
Directory for stats:  /mnt/research/ShadeLab/Barnett/Centralia_metagenome/annotations/contig_stats/
Output contig directory:  /mnt/scratch/barne424/Centralia_metagenome/temp_contigs/
Sample:  Cen11_11102016_R1_S8

---

Performing annotation
 


Warning:  Sequence is long (max 32000000 for training).
Training on the first 32000000 bases.

 
 
Done!
Tue Aug 30 22:25:16 EDT 2022
 
 
Cen11_20102017_R1_S9
Tue Aug 30 22:25:16 EDT 2022
 
 
Getting contig stats and renaming contigs to be shorter
 
Number of arguments:  5 arguments.
Input contig directory:  /mnt/research/ShadeLab/Barnett/Centralia_metagenome/filt_contigs/
Directory for stats:  /mnt/research/ShadeLab/Barnett/Centralia_metagenome/annotations/contig_stats/
Output contig directory:  /mnt/scratch/barne424/Centralia_metagenome/temp_contigs/
Sample:  Cen11_20102017_R1_S9

---

Performing annotation
 


Warning:  Sequence is long (max 32000000 for training).
Training on the first 32000000 bases.

 
 
Done!
Wed Aug 31 00:00:56 EDT 2022
 
 
Cen11_03102018_R1_S10
Wed Aug 31 00:00:56 EDT 2022
 
 
Getting contig stats and renaming contigs to be shorter
 
Number of arguments:  5 arguments.
Input contig directory:  /mnt/research/ShadeLab/Barnett/Centralia_metagenome/filt_contigs/
Directory for stats:  /mnt/research/ShadeLab/Barnett/Centralia_metagenome/annotations/contig_stats/
Output contig directory:  /mnt/scratch/barne424/Centralia_metagenome/temp_contigs/
Sample:  Cen11_03102018_R1_S10

---

Performing annotation
 


Warning:  Sequence is long (max 32000000 for training).
Training on the first 32000000 bases.

 
 
Done!
Wed Aug 31 01:27:44 EDT 2022
 
 
Cen11_06102019_R1_S11
Wed Aug 31 01:27:44 EDT 2022
 
 
Getting contig stats and renaming contigs to be shorter
 
Number of arguments:  5 arguments.
Input contig directory:  /mnt/research/ShadeLab/Barnett/Centralia_metagenome/filt_contigs/
Directory for stats:  /mnt/research/ShadeLab/Barnett/Centralia_metagenome/annotations/contig_stats/
Output contig directory:  /mnt/scratch/barne424/Centralia_metagenome/temp_contigs/
Sample:  Cen11_06102019_R1_S11

---

Performing annotation
 


Warning:  Sequence is long (max 32000000 for training).
Training on the first 32000000 bases.

 
 
Done!
Wed Aug 31 02:15:06 EDT 2022
 
 
Cen11_13102020_R1_S12
Wed Aug 31 02:15:06 EDT 2022
 
 
Getting contig stats and renaming contigs to be shorter
 
Number of arguments:  5 arguments.
Input contig directory:  /mnt/research/ShadeLab/Barnett/Centralia_metagenome/filt_contigs/
Directory for stats:  /mnt/research/ShadeLab/Barnett/Centralia_metagenome/annotations/contig_stats/
Output contig directory:  /mnt/scratch/barne424/Centralia_metagenome/temp_contigs/
Sample:  Cen11_13102020_R1_S12

---

Performing annotation
 


Warning:  Sequence is long (max 32000000 for training).
Training on the first 32000000 bases.

 
 
Done!
Wed Aug 31 03:15:19 EDT 2022
 
 
Cen11_06102021_R1_S13
Wed Aug 31 03:15:19 EDT 2022
 
 
Getting contig stats and renaming contigs to be shorter
 
Number of arguments:  5 arguments.
Input contig directory:  /mnt/research/ShadeLab/Barnett/Centralia_metagenome/filt_contigs/
Directory for stats:  /mnt/research/ShadeLab/Barnett/Centralia_metagenome/annotations/contig_stats/
Output contig directory:  /mnt/scratch/barne424/Centralia_metagenome/temp_contigs/
Sample:  Cen11_06102021_R1_S13

---

Performing annotation
 


Warning:  Sequence is long (max 32000000 for training).
Training on the first 32000000 bases.

 
 
Done!
Wed Aug 31 03:58:40 EDT 2022
 
 
Cen14_12102015_R1_S14
Wed Aug 31 03:58:40 EDT 2022
 
 
Getting contig stats and renaming contigs to be shorter
 
Number of arguments:  5 arguments.
Input contig directory:  /mnt/research/ShadeLab/Barnett/Centralia_metagenome/filt_contigs/
Directory for stats:  /mnt/research/ShadeLab/Barnett/Centralia_metagenome/annotations/contig_stats/
Output contig directory:  /mnt/scratch/barne424/Centralia_metagenome/temp_contigs/
Sample:  Cen14_12102015_R1_S14

---

Performing annotation
 


Warning:  Sequence is long (max 32000000 for training).
Training on the first 32000000 bases.

 
 
Done!
Wed Aug 31 05:48:52 EDT 2022
 
 
Cen14_11102016_R1_S15
Wed Aug 31 05:48:52 EDT 2022
 
 
Getting contig stats and renaming contigs to be shorter
 
Number of arguments:  5 arguments.
Input contig directory:  /mnt/research/ShadeLab/Barnett/Centralia_metagenome/filt_contigs/
Directory for stats:  /mnt/research/ShadeLab/Barnett/Centralia_metagenome/annotations/contig_stats/
Output contig directory:  /mnt/scratch/barne424/Centralia_metagenome/temp_contigs/
Sample:  Cen14_11102016_R1_S15

---

Performing annotation
 


Warning:  Sequence is long (max 32000000 for training).
Training on the first 32000000 bases.

 
 
Done!
Wed Aug 31 07:36:50 EDT 2022
 
 
Cen14_19102017_R1_S16
Wed Aug 31 07:36:50 EDT 2022
 
 
Getting contig stats and renaming contigs to be shorter
 
Number of arguments:  5 arguments.
Input contig directory:  /mnt/research/ShadeLab/Barnett/Centralia_metagenome/filt_contigs/
Directory for stats:  /mnt/research/ShadeLab/Barnett/Centralia_metagenome/annotations/contig_stats/
Output contig directory:  /mnt/scratch/barne424/Centralia_metagenome/temp_contigs/
Sample:  Cen14_19102017_R1_S16

---

Performing annotation
 


Warning:  Sequence is long (max 32000000 for training).
Training on the first 32000000 bases.

 
 
Done!
Wed Aug 31 08:59:38 EDT 2022
 
 
Cen14_02102018_R1_S17
Wed Aug 31 08:59:38 EDT 2022
 
 
Getting contig stats and renaming contigs to be shorter
 
Number of arguments:  5 arguments.
Input contig directory:  /mnt/research/ShadeLab/Barnett/Centralia_metagenome/filt_contigs/
Directory for stats:  /mnt/research/ShadeLab/Barnett/Centralia_metagenome/annotations/contig_stats/
Output contig directory:  /mnt/scratch/barne424/Centralia_metagenome/temp_contigs/
Sample:  Cen14_02102018_R1_S17

---

Performing annotation
 


Warning:  Sequence is long (max 32000000 for training).
Training on the first 32000000 bases.

 
 
Done!
Wed Aug 31 10:32:28 EDT 2022
 
 
Cen14_06102019_R1_S18
Wed Aug 31 10:32:28 EDT 2022
 
 
Getting contig stats and renaming contigs to be shorter
 
Number of arguments:  5 arguments.
Input contig directory:  /mnt/research/ShadeLab/Barnett/Centralia_metagenome/filt_contigs/
Directory for stats:  /mnt/research/ShadeLab/Barnett/Centralia_metagenome/annotations/contig_stats/
Output contig directory:  /mnt/scratch/barne424/Centralia_metagenome/temp_contigs/
Sample:  Cen14_06102019_R1_S18

---

Performing annotation
 


Warning:  Sequence is long (max 32000000 for training).
Training on the first 32000000 bases.

 
 
Done!
Wed Aug 31 12:03:10 EDT 2022
 
 
Cen14_13102020_R1_S19
Wed Aug 31 12:03:10 EDT 2022
 
 
Getting contig stats and renaming contigs to be shorter
 
Number of arguments:  5 arguments.
Input contig directory:  /mnt/research/ShadeLab/Barnett/Centralia_metagenome/filt_contigs/
Directory for stats:  /mnt/research/ShadeLab/Barnett/Centralia_metagenome/annotations/contig_stats/
Output contig directory:  /mnt/scratch/barne424/Centralia_metagenome/temp_contigs/
Sample:  Cen14_13102020_R1_S19

---

Performing annotation
 


Warning:  Sequence is long (max 32000000 for training).
Training on the first 32000000 bases.

 
 
Done!
Wed Aug 31 13:07:26 EDT 2022
 
 
Cen14_05102021_R1_S20
Wed Aug 31 13:07:26 EDT 2022
 
 
Getting contig stats and renaming contigs to be shorter
 
Number of arguments:  5 arguments.
Input contig directory:  /mnt/research/ShadeLab/Barnett/Centralia_metagenome/filt_contigs/
Directory for stats:  /mnt/research/ShadeLab/Barnett/Centralia_metagenome/annotations/contig_stats/
Output contig directory:  /mnt/scratch/barne424/Centralia_metagenome/temp_contigs/
Sample:  Cen14_05102021_R1_S20

---

Performing annotation
 


Warning:  Sequence is long (max 32000000 for training).
Training on the first 32000000 bases.

 
 
Done!
Wed Aug 31 14:07:58 EDT 2022
 
 
Cen15_12102015_R1_S21
Wed Aug 31 14:07:58 EDT 2022
 
 
Getting contig stats and renaming contigs to be shorter
 
Number of arguments:  5 arguments.
Input contig directory:  /mnt/research/ShadeLab/Barnett/Centralia_metagenome/filt_contigs/
Directory for stats:  /mnt/research/ShadeLab/Barnett/Centralia_metagenome/annotations/contig_stats/
Output contig directory:  /mnt/scratch/barne424/Centralia_metagenome/temp_contigs/
Sample:  Cen15_12102015_R1_S21

---

Performing annotation
 


Warning:  Sequence is long (max 32000000 for training).
Training on the first 32000000 bases.

 
 
Done!
Wed Aug 31 15:59:02 EDT 2022
 
 
Cen15_11102016_R1_S22
Wed Aug 31 15:59:02 EDT 2022
 
 
Getting contig stats and renaming contigs to be shorter
 
Number of arguments:  5 arguments.
Input contig directory:  /mnt/research/ShadeLab/Barnett/Centralia_metagenome/filt_contigs/
Directory for stats:  /mnt/research/ShadeLab/Barnett/Centralia_metagenome/annotations/contig_stats/
Output contig directory:  /mnt/scratch/barne424/Centralia_metagenome/temp_contigs/
Sample:  Cen15_11102016_R1_S22

---

Performing annotation
 


Warning:  Sequence is long (max 32000000 for training).
Training on the first 32000000 bases.

 
 
Done!
Wed Aug 31 17:59:43 EDT 2022
 
 
Cen15_19102017_R1_S23
Wed Aug 31 17:59:43 EDT 2022
 
 
Getting contig stats and renaming contigs to be shorter
 
Number of arguments:  5 arguments.
Input contig directory:  /mnt/research/ShadeLab/Barnett/Centralia_metagenome/filt_contigs/
Directory for stats:  /mnt/research/ShadeLab/Barnett/Centralia_metagenome/annotations/contig_stats/
Output contig directory:  /mnt/scratch/barne424/Centralia_metagenome/temp_contigs/
Sample:  Cen15_19102017_R1_S23

---

Performing annotation
 


Warning:  Sequence is long (max 32000000 for training).
Training on the first 32000000 bases.

 
 
Done!
Wed Aug 31 20:28:09 EDT 2022
 
 
Cen15_02102018_R1_S24
Wed Aug 31 20:28:09 EDT 2022
 
 
Getting contig stats and renaming contigs to be shorter
 
Number of arguments:  5 arguments.
Input contig directory:  /mnt/research/ShadeLab/Barnett/Centralia_metagenome/filt_contigs/
Directory for stats:  /mnt/research/ShadeLab/Barnett/Centralia_metagenome/annotations/contig_stats/
Output contig directory:  /mnt/scratch/barne424/Centralia_metagenome/temp_contigs/
Sample:  Cen15_02102018_R1_S24

---

Performing annotation
 


Warning:  Sequence is long (max 32000000 for training).
Training on the first 32000000 bases.

 
 
Done!
Wed Aug 31 22:51:10 EDT 2022
 
 
Cen15_06102019_R1_S25
Wed Aug 31 22:51:10 EDT 2022
 
 
Getting contig stats and renaming contigs to be shorter
 
Number of arguments:  5 arguments.
Input contig directory:  /mnt/research/ShadeLab/Barnett/Centralia_metagenome/filt_contigs/
Directory for stats:  /mnt/research/ShadeLab/Barnett/Centralia_metagenome/annotations/contig_stats/
Output contig directory:  /mnt/scratch/barne424/Centralia_metagenome/temp_contigs/
Sample:  Cen15_06102019_R1_S25

---

Performing annotation
 


Warning:  Sequence is long (max 32000000 for training).
Training on the first 32000000 bases.

 
 
Done!
Wed Aug 31 23:35:03 EDT 2022
 
 
Cen15_13102020_R1_S26
Wed Aug 31 23:35:03 EDT 2022
 
 
Getting contig stats and renaming contigs to be shorter
 
Number of arguments:  5 arguments.
Input contig directory:  /mnt/research/ShadeLab/Barnett/Centralia_metagenome/filt_contigs/
Directory for stats:  /mnt/research/ShadeLab/Barnett/Centralia_metagenome/annotations/contig_stats/
Output contig directory:  /mnt/scratch/barne424/Centralia_metagenome/temp_contigs/
Sample:  Cen15_13102020_R1_S26

---

Performing annotation
 


Warning:  Sequence is long (max 32000000 for training).
Training on the first 32000000 bases.

 
 
Done!
Thu Sep  1 01:42:35 EDT 2022
 
 
Cen15_05102021_R1_S27
Thu Sep  1 01:42:35 EDT 2022
 
 
Getting contig stats and renaming contigs to be shorter
 
Number of arguments:  5 arguments.
Input contig directory:  /mnt/research/ShadeLab/Barnett/Centralia_metagenome/filt_contigs/
Directory for stats:  /mnt/research/ShadeLab/Barnett/Centralia_metagenome/annotations/contig_stats/
Output contig directory:  /mnt/scratch/barne424/Centralia_metagenome/temp_contigs/
Sample:  Cen15_05102021_R1_S27

---

Performing annotation
 


Warning:  Sequence is long (max 32000000 for training).
Training on the first 32000000 bases.

 
 
Done!
Thu Sep  1 03:01:11 EDT 2022
 
 
Cen16_12102015_R1_S28
Thu Sep  1 03:01:11 EDT 2022
 
 
Getting contig stats and renaming contigs to be shorter
 
Number of arguments:  5 arguments.
Input contig directory:  /mnt/research/ShadeLab/Barnett/Centralia_metagenome/filt_contigs/
Directory for stats:  /mnt/research/ShadeLab/Barnett/Centralia_metagenome/annotations/contig_stats/
Output contig directory:  /mnt/scratch/barne424/Centralia_metagenome/temp_contigs/
Sample:  Cen16_12102015_R1_S28

---

Performing annotation
 


Warning:  Sequence is long (max 32000000 for training).
Training on the first 32000000 bases.

 
 
Done!
Thu Sep  1 05:12:54 EDT 2022
 
 
Cen16_11102016_R1_S29
Thu Sep  1 05:12:54 EDT 2022
 
 
Getting contig stats and renaming contigs to be shorter
 
Number of arguments:  5 arguments.
Input contig directory:  /mnt/research/ShadeLab/Barnett/Centralia_metagenome/filt_contigs/
Directory for stats:  /mnt/research/ShadeLab/Barnett/Centralia_metagenome/annotations/contig_stats/
Output contig directory:  /mnt/scratch/barne424/Centralia_metagenome/temp_contigs/
Sample:  Cen16_11102016_R1_S29

---

Performing annotation
 


Warning:  Sequence is long (max 32000000 for training).
Training on the first 32000000 bases.

slurmstepd: error: *** JOB 61741413 ON amr-228 CANCELLED AT 2022-09-01T05:57:27 DUE TO TIME LIMIT ***
