
Lmod is automatically replacing "Python/3.6.4" with "Conda/3".

Begining processing
Wed Aug  3 14:02:04 EDT 2022
 
 
Running sample:
Cen16_19102017_R1_S30
 
 
Performing cleanup for library 1
 
java -Djava.library.path=/mnt/home/barne424/anaconda3/envs/metagenome_proc/opt/bbmap-38.18/jni/ -ea -Xmx21298m -Xms21298m -cp /mnt/home/barne424/anaconda3/envs/metagenome_proc/opt/bbmap-38.18/current/ jgi.BBDukF in=/mnt/research/ShadeLab/Barnett/Centralia_metagenome/rawseq/20220708_DNASeq_PE150/Cen16_19102017_R1_S30_L001_R1_001.fastq.gz in2=/mnt/research/ShadeLab/Barnett/Centralia_metagenome/rawseq/20220708_DNASeq_PE150/Cen16_19102017_R1_S30_L001_R2_001.fastq.gz out=/mnt/research/ShadeLab/Barnett/Centralia_metagenome/intermediate_seq/Cen16_19102017_R1_S30/Cen16_19102017_R1_S30_L001_R1.clean.fastq.gz out2=/mnt/research/ShadeLab/Barnett/Centralia_metagenome/intermediate_seq/Cen16_19102017_R1_S30/Cen16_19102017_R1_S30_L001_R2.clean.fastq.gz ref=bbmap_refs/adapters.fa,bbmap_refs/phix174_ill.ref.fa ktrim=r k=23 mink=11 trimq=0 qtrim=r maxns=3 minavgquality=3 minlength=52 mlf=0.33 interleaved=f threads=50
Executing jgi.BBDukF [in=/mnt/research/ShadeLab/Barnett/Centralia_metagenome/rawseq/20220708_DNASeq_PE150/Cen16_19102017_R1_S30_L001_R1_001.fastq.gz, in2=/mnt/research/ShadeLab/Barnett/Centralia_metagenome/rawseq/20220708_DNASeq_PE150/Cen16_19102017_R1_S30_L001_R2_001.fastq.gz, out=/mnt/research/ShadeLab/Barnett/Centralia_metagenome/intermediate_seq/Cen16_19102017_R1_S30/Cen16_19102017_R1_S30_L001_R1.clean.fastq.gz, out2=/mnt/research/ShadeLab/Barnett/Centralia_metagenome/intermediate_seq/Cen16_19102017_R1_S30/Cen16_19102017_R1_S30_L001_R2.clean.fastq.gz, ref=bbmap_refs/adapters.fa,bbmap_refs/phix174_ill.ref.fa, ktrim=r, k=23, mink=11, trimq=0, qtrim=r, maxns=3, minavgquality=3, minlength=52, mlf=0.33, interleaved=f, threads=50]
Version 38.18

Set INTERLEAVED to false
Set threads to 50
maskMiddle was disabled because useShortKmers=true
0.022 seconds.
Initial:
Memory: max=22338m, total=22338m, free=22308m, used=30m

Added 8685 kmers; time: 	0.069 seconds.
Memory: max=22338m, total=22338m, free=22267m, used=71m

Input is being processed as paired
Started output streams:	0.131 seconds.
Processing time:   		74.254 seconds.

Input:                  	77324064 reads 		11598609600 bases.
QTrimmed:               	20657 reads (0.03%) 	20659 bases (0.00%)
KTrimmed:               	376364 reads (0.49%) 	13485753 bases (0.12%)
Low quality discards:   	102174 reads (0.13%) 	15298497 bases (0.13%)
Total Removed:          	116774 reads (0.15%) 	28804909 bases (0.25%)
Result:                 	77207290 reads (99.85%) 	11569804691 bases (99.75%)

Time:                         	74.462 seconds.
Reads Processed:      77324k 	1038.44k reads/sec
Bases Processed:      11598m 	155.77m bases/sec
 
 
Performing cleanup for library 2
 
java -Djava.library.path=/mnt/home/barne424/anaconda3/envs/metagenome_proc/opt/bbmap-38.18/jni/ -ea -Xmx21298m -Xms21298m -cp /mnt/home/barne424/anaconda3/envs/metagenome_proc/opt/bbmap-38.18/current/ jgi.BBDukF in=/mnt/research/ShadeLab/Barnett/Centralia_metagenome/rawseq/20220708_DNASeq_PE150/Cen16_19102017_R1_S30_L002_R1_001.fastq.gz in2=/mnt/research/ShadeLab/Barnett/Centralia_metagenome/rawseq/20220708_DNASeq_PE150/Cen16_19102017_R1_S30_L002_R2_001.fastq.gz out=/mnt/research/ShadeLab/Barnett/Centralia_metagenome/intermediate_seq/Cen16_19102017_R1_S30/Cen16_19102017_R1_S30_L002_R1.clean.fastq.gz out2=/mnt/research/ShadeLab/Barnett/Centralia_metagenome/intermediate_seq/Cen16_19102017_R1_S30/Cen16_19102017_R1_S30_L002_R2.clean.fastq.gz ref=bbmap_refs/adapters.fa,bbmap_refs/phix174_ill.ref.fa ktrim=r k=23 mink=11 trimq=0 qtrim=r maxns=3 minavgquality=3 minlength=52 mlf=0.33 interleaved=f threads=50
Executing jgi.BBDukF [in=/mnt/research/ShadeLab/Barnett/Centralia_metagenome/rawseq/20220708_DNASeq_PE150/Cen16_19102017_R1_S30_L002_R1_001.fastq.gz, in2=/mnt/research/ShadeLab/Barnett/Centralia_metagenome/rawseq/20220708_DNASeq_PE150/Cen16_19102017_R1_S30_L002_R2_001.fastq.gz, out=/mnt/research/ShadeLab/Barnett/Centralia_metagenome/intermediate_seq/Cen16_19102017_R1_S30/Cen16_19102017_R1_S30_L002_R1.clean.fastq.gz, out2=/mnt/research/ShadeLab/Barnett/Centralia_metagenome/intermediate_seq/Cen16_19102017_R1_S30/Cen16_19102017_R1_S30_L002_R2.clean.fastq.gz, ref=bbmap_refs/adapters.fa,bbmap_refs/phix174_ill.ref.fa, ktrim=r, k=23, mink=11, trimq=0, qtrim=r, maxns=3, minavgquality=3, minlength=52, mlf=0.33, interleaved=f, threads=50]
Version 38.18

Set INTERLEAVED to false
Set threads to 50
maskMiddle was disabled because useShortKmers=true
0.021 seconds.
Initial:
Memory: max=22338m, total=22338m, free=22306m, used=32m

Added 8685 kmers; time: 	0.050 seconds.
Memory: max=22338m, total=22338m, free=22267m, used=71m

Input is being processed as paired
Started output streams:	0.127 seconds.
Processing time:   		72.513 seconds.

Input:                  	76956486 reads 		11543472900 bases.
QTrimmed:               	20362 reads (0.03%) 	20370 bases (0.00%)
KTrimmed:               	373129 reads (0.48%) 	13416483 bases (0.12%)
Low quality discards:   	102928 reads (0.13%) 	15412815 bases (0.13%)
Total Removed:          	117580 reads (0.15%) 	28849668 bases (0.25%)
Result:                 	76838906 reads (99.85%) 	11514623232 bases (99.75%)

Time:                         	72.701 seconds.
Reads Processed:      76956k 	1058.53k reads/sec
Bases Processed:      11543m 	158.78m bases/sec
 
 
Done!
Performing error correction on library 1 reads
 
java -ea -Xmx42597m -Xms42597m -cp /mnt/home/barne424/anaconda3/envs/metagenome_proc/opt/bbmap-38.18/current/ bloom.BloomFilterCorrectorWrapper in=/mnt/research/ShadeLab/Barnett/Centralia_metagenome/intermediate_seq/Cen16_19102017_R1_S30/Cen16_19102017_R1_S30_L001_R1.clean.fastq.gz in2=/mnt/research/ShadeLab/Barnett/Centralia_metagenome/intermediate_seq/Cen16_19102017_R1_S30/Cen16_19102017_R1_S30_L001_R2.clean.fastq.gz out=/mnt/research/ShadeLab/Barnett/Centralia_metagenome/intermediate_seq/Cen16_19102017_R1_S30/Cen16_19102017_R1_S30_L001_R1.clean.EC.fastq out2=/mnt/research/ShadeLab/Barnett/Centralia_metagenome/intermediate_seq/Cen16_19102017_R1_S30/Cen16_19102017_R1_S30_L001_R2.clean.EC.fastq mincount=2 hcf=0.6 tossjunk=t ecc=t bits=4
Executing bloom.BloomFilterCorrectorWrapper [in=/mnt/research/ShadeLab/Barnett/Centralia_metagenome/intermediate_seq/Cen16_19102017_R1_S30/Cen16_19102017_R1_S30_L001_R1.clean.fastq.gz, in2=/mnt/research/ShadeLab/Barnett/Centralia_metagenome/intermediate_seq/Cen16_19102017_R1_S30/Cen16_19102017_R1_S30_L001_R2.clean.fastq.gz, out=/mnt/research/ShadeLab/Barnett/Centralia_metagenome/intermediate_seq/Cen16_19102017_R1_S30/Cen16_19102017_R1_S30_L001_R1.clean.EC.fastq, out2=/mnt/research/ShadeLab/Barnett/Centralia_metagenome/intermediate_seq/Cen16_19102017_R1_S30/Cen16_19102017_R1_S30_L001_R2.clean.EC.fastq, mincount=2, hcf=0.6, tossjunk=t, ecc=t, bits=4]

Using 4 bits per cell.
Set INTERLEAVED to false
Memory: max=44677m, total=44677m, free=44652m, used=25m
Filter creation: 		171.154 seconds.
mem = 34.02 GB   	cells = 73.05B   	used = 17.559%
Estimated kmers of depth 1+: 	4701757025
Estimated kmers of depth 2+: 	1981242146
Used fraction for depth 2+:  	7.814%
Input is being processed as paired

Filtering Time:  		126.592 seconds.
Time:                         	301.476 seconds.
Reads Processed:      77207k 	256.10k reads/sec
Bases Processed:      11569m 	38.38m bases/sec
Reads Out:            44935k 	58.20%
Bases Out:             6725m 	58.13%
Unique 31-mers out:     	1728192322

Errors detected:            	19520190
Errors corrected:           	5301844 	(4670622 reassemble, 631222 overlap)
Reads merged:               	10389144 	(26.91%)
Reads with errors detected: 	5350546 	(6.93%)
Reads fully corrected:      	2767393 	(51.72% of detected)
Reads partly corrected:     	462256  	(8.64% of detected)
Rollbacks:                  	208117  	(3.89% of detected)
 
 
Performing error correction on library 2 reads
 
java -ea -Xmx42597m -Xms42597m -cp /mnt/home/barne424/anaconda3/envs/metagenome_proc/opt/bbmap-38.18/current/ bloom.BloomFilterCorrectorWrapper in=/mnt/research/ShadeLab/Barnett/Centralia_metagenome/intermediate_seq/Cen16_19102017_R1_S30/Cen16_19102017_R1_S30_L002_R1.clean.fastq.gz in2=/mnt/research/ShadeLab/Barnett/Centralia_metagenome/intermediate_seq/Cen16_19102017_R1_S30/Cen16_19102017_R1_S30_L002_R2.clean.fastq.gz out=/mnt/research/ShadeLab/Barnett/Centralia_metagenome/intermediate_seq/Cen16_19102017_R1_S30/Cen16_19102017_R1_S30_L002_R1.clean.EC.fastq out2=/mnt/research/ShadeLab/Barnett/Centralia_metagenome/intermediate_seq/Cen16_19102017_R1_S30/Cen16_19102017_R1_S30_L002_R2.clean.EC.fastq mincount=2 hcf=0.6 tossjunk=t ecc=t bits=4
Executing bloom.BloomFilterCorrectorWrapper [in=/mnt/research/ShadeLab/Barnett/Centralia_metagenome/intermediate_seq/Cen16_19102017_R1_S30/Cen16_19102017_R1_S30_L002_R1.clean.fastq.gz, in2=/mnt/research/ShadeLab/Barnett/Centralia_metagenome/intermediate_seq/Cen16_19102017_R1_S30/Cen16_19102017_R1_S30_L002_R2.clean.fastq.gz, out=/mnt/research/ShadeLab/Barnett/Centralia_metagenome/intermediate_seq/Cen16_19102017_R1_S30/Cen16_19102017_R1_S30_L002_R1.clean.EC.fastq, out2=/mnt/research/ShadeLab/Barnett/Centralia_metagenome/intermediate_seq/Cen16_19102017_R1_S30/Cen16_19102017_R1_S30_L002_R2.clean.EC.fastq, mincount=2, hcf=0.6, tossjunk=t, ecc=t, bits=4]

Using 4 bits per cell.
Set INTERLEAVED to false
Memory: max=44677m, total=44677m, free=44652m, used=25m
Filter creation: 		162.670 seconds.
mem = 34.02 GB   	cells = 73.05B   	used = 17.540%
Estimated kmers of depth 1+: 	4696341320
Estimated kmers of depth 2+: 	1970318239
Used fraction for depth 2+:  	7.773%
Input is being processed as paired

Filtering Time:  		124.930 seconds.
Time:                         	291.060 seconds.
Reads Processed:      76838k 	264.00k reads/sec
Bases Processed:      11514m 	39.56m bases/sec
Reads Out:            44691k 	58.16%
Bases Out:             6689m 	58.09%
Unique 31-mers out:     	1711312913

Errors detected:            	19148033
Errors corrected:           	5154596 	(4566000 reassemble, 588596 overlap)
Reads merged:               	10372663 	(27.00%)
Reads with errors detected: 	5248046 	(6.83%)
Reads fully corrected:      	2709473 	(51.63% of detected)
Reads partly corrected:     	453781  	(8.65% of detected)
Rollbacks:                  	199251  	(3.80% of detected)
 
 
Concatinating and compressing final reads
 
 
 
Cleanup
 
 
Done!
 
 
Done with all sites!
Wed Aug  3 14:15:36 EDT 2022
