Calculating N50s
Mon Oct 17 17:11:40 EDT 2022
 
Cen08_13102015_R1_S1
Mon Oct 17 17:11:40 EDT 2022
 
N50: 2279
Sequences: 160125
Total length: 351137115
Longest sequence: 658717
 
Done!
Mon Oct 17 17:11:44 EDT 2022
 
Cen08_12102016_R1_S2
Mon Oct 17 17:11:44 EDT 2022
 
N50: 2683
Sequences: 101237
Total length: 243866855
Longest sequence: 1053386
 
Done!
Mon Oct 17 17:11:47 EDT 2022
 
Cen08_21102017_R1_S3
Mon Oct 17 17:11:47 EDT 2022
 
N50: 2816
Sequences: 74881
Total length: 186130345
Longest sequence: 155567
 
Done!
Mon Oct 17 17:11:50 EDT 2022
 
Cen08_04102018_R1_S4
Mon Oct 17 17:11:50 EDT 2022
 
N50: 3067
Sequences: 69059
Total length: 177362065
Longest sequence: 303328
 
Done!
Mon Oct 17 17:11:52 EDT 2022
 
Cen08_15102020_R1_S5
Mon Oct 17 17:11:52 EDT 2022
 
N50: 3389
Sequences: 72853
Total length: 195537628
Longest sequence: 325882
 
Done!
Mon Oct 17 17:11:54 EDT 2022
 
Cen08_06102021_R1_S6
Mon Oct 17 17:11:54 EDT 2022
 
N50: 3720
Sequences: 82965
Total length: 234730043
Longest sequence: 631307
 
Done!
Mon Oct 17 17:11:57 EDT 2022
 
Cen11_12102015_R1_S7
Mon Oct 17 17:11:57 EDT 2022
 
N50: 2024
Sequences: 138368
Total length: 288073727
Longest sequence: 278524
 
Done!
Mon Oct 17 17:12:01 EDT 2022
 
Cen11_11102016_R1_S8
Mon Oct 17 17:12:01 EDT 2022
 
N50: 2221
Sequences: 129881
Total length: 281691484
Longest sequence: 647046
 
Done!
Mon Oct 17 17:12:05 EDT 2022
 
Cen11_20102017_R1_S9
Mon Oct 17 17:12:05 EDT 2022
 
N50: 2358
Sequences: 163879
Total length: 374766051
Longest sequence: 895580
 
Done!
Mon Oct 17 17:12:09 EDT 2022
 
Cen11_03102018_R1_S10
Mon Oct 17 17:12:09 EDT 2022
 
N50: 2626
Sequences: 144335
Total length: 345423017
Longest sequence: 987027
 
Done!
Mon Oct 17 17:12:14 EDT 2022
 
Cen11_06102019_R1_S11
Mon Oct 17 17:12:14 EDT 2022
 
N50: 2701
Sequences: 82766
Total length: 201039944
Longest sequence: 855103
 
Done!
Mon Oct 17 17:12:16 EDT 2022
 
Cen11_13102020_R1_S12
Mon Oct 17 17:12:16 EDT 2022
 
N50: 2047
Sequences: 118956
Total length: 238107306
Longest sequence: 71568
 
Done!
Mon Oct 17 17:12:19 EDT 2022
 
Cen11_06102021_R1_S13
Mon Oct 17 17:12:19 EDT 2022
 
N50: 2182
Sequences: 71500
Total length: 151498571
Longest sequence: 303453
 
Done!
Mon Oct 17 17:12:21 EDT 2022
 
Cen14_12102015_R1_S14
Mon Oct 17 17:12:21 EDT 2022
 
N50: 4394
Sequences: 117428
Total length: 374847644
Longest sequence: 901286
 
Done!
Mon Oct 17 17:12:26 EDT 2022
 
Cen14_11102016_R1_S15
Mon Oct 17 17:12:26 EDT 2022
 
N50: 6604
Sequences: 110577
Total length: 403592710
Longest sequence: 937175
 
Done!
Mon Oct 17 17:12:31 EDT 2022
 
Cen14_19102017_R1_S16
Mon Oct 17 17:12:31 EDT 2022
 
N50: 3155
Sequences: 121111
Total length: 318405198
Longest sequence: 717853
 
Done!
Mon Oct 17 17:12:35 EDT 2022
 
Cen14_02102018_R1_S17
Mon Oct 17 17:12:35 EDT 2022
 
N50: 4877
Sequences: 118460
Total length: 387227442
Longest sequence: 901280
 
Done!
Mon Oct 17 17:12:40 EDT 2022
 
Cen14_06102019_R1_S18
Mon Oct 17 17:12:40 EDT 2022
 
N50: 3771
Sequences: 123103
Total length: 358796064
Longest sequence: 883014
 
Done!
Mon Oct 17 17:12:45 EDT 2022
 
Cen14_13102020_R1_S19
Mon Oct 17 17:12:45 EDT 2022
 
N50: 2670
Sequences: 106684
Total length: 262291366
Longest sequence: 1293213
 
Done!
Mon Oct 17 17:12:48 EDT 2022
 
Cen14_05102021_R1_S20
Mon Oct 17 17:12:48 EDT 2022
 
N50: 2798
Sequences: 97150
Total length: 239260764
Longest sequence: 1265966
 
Done!
Mon Oct 17 17:12:51 EDT 2022
 
Cen15_12102015_R1_S21
Mon Oct 17 17:12:51 EDT 2022
 
N50: 5157
Sequences: 128596
Total length: 440403073
Longest sequence: 1037399
 
Done!
Mon Oct 17 17:12:56 EDT 2022
 
Cen15_11102016_R1_S22
Mon Oct 17 17:12:56 EDT 2022
 
N50: 7193
Sequences: 120958
Total length: 459008620
Longest sequence: 960662
 
Done!
Mon Oct 17 17:13:02 EDT 2022
 
Cen15_19102017_R1_S23
Mon Oct 17 17:13:02 EDT 2022
 
N50: 3797
Sequences: 145031
Total length: 425783382
Longest sequence: 813692
 
Done!
Mon Oct 17 17:13:07 EDT 2022
 
Cen15_02102018_R1_S24
Mon Oct 17 17:13:07 EDT 2022
 
N50: 3459
Sequences: 144158
Total length: 397881104
Longest sequence: 643680
 
Done!
Mon Oct 17 17:13:12 EDT 2022
 
Cen15_06102019_R1_S25
Mon Oct 17 17:13:12 EDT 2022
 
N50: 2918
Sequences: 45047
Total length: 112422555
Longest sequence: 470205
 
Done!
Mon Oct 17 17:13:14 EDT 2022
 
Cen15_13102020_R1_S26
Mon Oct 17 17:13:14 EDT 2022
 
N50: 3463
Sequences: 113636
Total length: 312812197
Longest sequence: 2060246
 
Done!
Mon Oct 17 17:13:18 EDT 2022
 
Cen15_05102021_R1_S27
Mon Oct 17 17:13:18 EDT 2022
 
N50: 2858
Sequences: 99775
Total length: 258547356
Longest sequence: 915079
 
Done!
Mon Oct 17 17:13:21 EDT 2022
 
Cen16_12102015_R1_S28
Mon Oct 17 17:13:21 EDT 2022
 
N50: 2696
Sequences: 142749
Total length: 347970221
Longest sequence: 828568
 
Done!
Mon Oct 17 17:13:26 EDT 2022
 
Cen16_11102016_R1_S29
Mon Oct 17 17:13:26 EDT 2022
 
N50: 2784
Sequences: 143271
Total length: 351210329
Longest sequence: 2423317
 
Done!
Mon Oct 17 17:13:30 EDT 2022
 
Cen16_19102017_R1_S30
Mon Oct 17 17:13:30 EDT 2022
 
N50: 3771
Sequences: 71367
Total length: 203652565
Longest sequence: 3243675
 
Done!
Mon Oct 17 17:13:33 EDT 2022
 
Cen16_02102018_R1_S31
Mon Oct 17 17:13:33 EDT 2022
 
N50: 2708
Sequences: 115981
Total length: 279324043
Longest sequence: 832243
 
Done!
Mon Oct 17 17:13:36 EDT 2022
 
Cen16_06102019_R1_S32
Mon Oct 17 17:13:36 EDT 2022
 
N50: 2928
Sequences: 147813
Total length: 377442901
Longest sequence: 2264022
 
Done!
Mon Oct 17 17:13:41 EDT 2022
 
Cen16_15102020_R1_S33
Mon Oct 17 17:13:41 EDT 2022
 
N50: 3109
Sequences: 107954
Total length: 282993089
Longest sequence: 998537
 
Done!
Mon Oct 17 17:13:45 EDT 2022
 
Cen16_05102021_R1_S34
Mon Oct 17 17:13:45 EDT 2022
 
N50: 2963
Sequences: 142040
Total length: 365981807
Longest sequence: 2177591
 
Done!
Mon Oct 17 17:13:49 EDT 2022
 
Cen17_12102015_R1_S35
Mon Oct 17 17:13:49 EDT 2022
 
N50: 1458
Sequences: 32436
Total length: 49409001
Longest sequence: 43291
 
Done!
Mon Oct 17 17:13:50 EDT 2022
 
Cen17_12102016_R1_S36
Mon Oct 17 17:13:50 EDT 2022
 
N50: 1821
Sequences: 110909
Total length: 208504520
Longest sequence: 312323
 
Done!
Mon Oct 17 17:13:53 EDT 2022
 
Cen17_21102017_R1_S37
Mon Oct 17 17:13:53 EDT 2022
 
N50: 1478
Sequences: 31726
Total length: 51312983
Longest sequence: 243625
 
Done!
Mon Oct 17 17:13:54 EDT 2022
 
Cen17_03102018_R1_S38
Mon Oct 17 17:13:54 EDT 2022
 
N50: 1526
Sequences: 25206
Total length: 42231953
Longest sequence: 134148
 
Done!
Mon Oct 17 17:13:54 EDT 2022
 
Cen17_06102019_R1_S39
Mon Oct 17 17:13:54 EDT 2022
 
N50: 1517
Sequences: 52161
Total length: 82649230
Longest sequence: 53302
 
Done!
Mon Oct 17 17:13:55 EDT 2022
 
Cen17_14102020_R1_S40
Mon Oct 17 17:13:55 EDT 2022
 
N50: 1575
Sequences: 38196
Total length: 63932648
Longest sequence: 121107
 
Done!
Mon Oct 17 17:13:56 EDT 2022
 
Cen17_05102021_R1_S41
Mon Oct 17 17:13:56 EDT 2022
 
N50: 1502
Sequences: 18915
Total length: 30147416
Longest sequence: 66439
 
Done!
Mon Oct 17 17:13:57 EDT 2022
 
Cen19_12102015_R1_S42
Mon Oct 17 17:13:57 EDT 2022
 
N50: 4188
Sequences: 183930
Total length: 558956168
Longest sequence: 1562083
 
Done!
Mon Oct 17 17:14:03 EDT 2022
 
Cen19_11102016_R1_S43
Mon Oct 17 17:14:03 EDT 2022
 
N50: 7537
Sequences: 98344
Total length: 387090322
Longest sequence: 2346858
 
Done!
Mon Oct 17 17:14:08 EDT 2022
 
Cen19_19102017_R1_S44
Mon Oct 17 17:14:08 EDT 2022
 
N50: 6338
Sequences: 89093
Total length: 324744972
Longest sequence: 1496731
 
Done!
Mon Oct 17 17:14:12 EDT 2022
 
Cen19_02102018_R1_S45
Mon Oct 17 17:14:12 EDT 2022
 
N50: 5051
Sequences: 117000
Total length: 378578881
Longest sequence: 1690910
 
Done!
Mon Oct 17 17:14:17 EDT 2022
 
Cen19_06102019_R1_S46
Mon Oct 17 17:14:17 EDT 2022
 
N50: 2814
Sequences: 118285
Total length: 301729243
Longest sequence: 1263664
 
Done!
Mon Oct 17 17:14:21 EDT 2022
 
Cen19_13102020_R1_S47
Mon Oct 17 17:14:21 EDT 2022
 
N50: 3685
Sequences: 102505
Total length: 291470536
Longest sequence: 1174055
 
Done!
Mon Oct 17 17:14:25 EDT 2022
 
Cen19_05102021_R1_S48
Mon Oct 17 17:14:25 EDT 2022
 
N50: 2938
Sequences: 120273
Total length: 306633097
Longest sequence: 797129
 
Done!
Mon Oct 17 17:14:28 EDT 2022
 
Cen21_12102015_R1_S49
Mon Oct 17 17:14:28 EDT 2022
 
N50: 7997
Sequences: 107426
Total length: 419858096
Longest sequence: 3014071
 
Done!
Mon Oct 17 17:14:34 EDT 2022
 
Cen21_11102016_R1_S50
Mon Oct 17 17:14:34 EDT 2022
 
N50: 7301
Sequences: 138350
Total length: 531085627
Longest sequence: 1234492
 
Done!
Mon Oct 17 17:14:40 EDT 2022
 
Cen21_19102017_R1_S51
Mon Oct 17 17:14:40 EDT 2022
 
N50: 6302
Sequences: 107230
Total length: 383560699
Longest sequence: 992864
 
Done!
Mon Oct 17 17:14:45 EDT 2022
 
Cen21_02102018_R1_S52
Mon Oct 17 17:14:45 EDT 2022
 
N50: 2161
Sequences: 131435
Total length: 281481763
Longest sequence: 1013129
 
Done!
Mon Oct 17 17:14:49 EDT 2022
 
Cen21_06102019_R1_S53
Mon Oct 17 17:14:49 EDT 2022
 
N50: 2982
Sequences: 136882
Total length: 358586810
Longest sequence: 1789082
 
Done!
Mon Oct 17 17:14:53 EDT 2022
 
Cen21_13102020_R1_S54
Mon Oct 17 17:14:53 EDT 2022
 
N50: 2876
Sequences: 117941
Total length: 299851161
Longest sequence: 525405
 
Done!
Mon Oct 17 17:14:57 EDT 2022
 
Cen21_05102021_R1_S55
Mon Oct 17 17:14:57 EDT 2022
 
N50: 2882
Sequences: 163041
Total length: 414815233
Longest sequence: 521355
 
Done!
Mon Oct 17 17:15:02 EDT 2022
 
Cen22_12102015_R1_S56
Mon Oct 17 17:15:02 EDT 2022
 
N50: 11958
Sequences: 85783
Total length: 404428333
Longest sequence: 1907411
 
Done!
Mon Oct 17 17:15:07 EDT 2022
 
Cen22_11102016_R1_S57
Mon Oct 17 17:15:07 EDT 2022
 
N50: 7259
Sequences: 108878
Total length: 432565722
Longest sequence: 2072426
 
Done!
Mon Oct 17 17:15:13 EDT 2022
 
Cen22_20102017_R1_S58
Mon Oct 17 17:15:13 EDT 2022
 
N50: 6325
Sequences: 163716
Total length: 606439961
Longest sequence: 2160330
 
Done!
Mon Oct 17 17:15:20 EDT 2022
 
Cen22_03102018_R1_S59
Mon Oct 17 17:15:20 EDT 2022
 
N50: 4031
Sequences: 191867
Total length: 585602205
Longest sequence: 1469064
 
Done!
Mon Oct 17 17:15:28 EDT 2022
 
Cen22_06102019_R1_S60
Mon Oct 17 17:15:28 EDT 2022
 
N50: 5126
Sequences: 142582
Total length: 488030302
Longest sequence: 1690897
 
Done!
Mon Oct 17 17:15:34 EDT 2022
 
Cen22_13102020_R1_S61
Mon Oct 17 17:15:34 EDT 2022
 
N50: 5174
Sequences: 152990
Total length: 503652415
Longest sequence: 2160791
 
Done!
Mon Oct 17 17:15:40 EDT 2022
 
Cen22_07102021_R1_S62
Mon Oct 17 17:15:40 EDT 2022
 
N50: 3493
Sequences: 152720
Total length: 424686625
Longest sequence: 1577924
 
Done!
Mon Oct 17 17:15:45 EDT 2022
 
Cen23_13102015_R1_S63
Mon Oct 17 17:15:45 EDT 2022
 
N50: 1858
Sequences: 71816
Total length: 141042993
Longest sequence: 352202
 
Done!
Mon Oct 17 17:15:47 EDT 2022
 
Cen23_12102016_R1_S64
Mon Oct 17 17:15:47 EDT 2022
 
N50: 1842
Sequences: 116985
Total length: 219169519
Longest sequence: 1138925
 
Done!
Mon Oct 17 17:15:50 EDT 2022
 
Cen23_21102017_R1_S65
Mon Oct 17 17:15:50 EDT 2022
 
N50: 1837
Sequences: 83045
Total length: 156188699
Longest sequence: 103517
 
Done!
Mon Oct 17 17:15:52 EDT 2022
 
Cen23_04102018_R1_S66
Mon Oct 17 17:15:52 EDT 2022
 
N50: 1825
Sequences: 19974
Total length: 36773187
Longest sequence: 44173
 
Done!
Mon Oct 17 17:15:52 EDT 2022
 
Cen23_07102019_R1_S67
Mon Oct 17 17:15:52 EDT 2022
 
N50: 1774
Sequences: 83503
Total length: 153966893
Longest sequence: 97317
 
Done!
Mon Oct 17 17:15:54 EDT 2022
 
Cen23_15102020_R1_S68
Mon Oct 17 17:15:54 EDT 2022
 
N50: 2003
Sequences: 52468
Total length: 105979068
Longest sequence: 89100
 
Done!
Mon Oct 17 17:15:56 EDT 2022
 
Cen23_06102021_R1_S69
Mon Oct 17 17:15:56 EDT 2022
 
N50: 1795
Sequences: 48122
Total length: 88671983
Longest sequence: 57462
 
Done!
Mon Oct 17 17:15:57 EDT 2022
 
 
Done with all sites!
Mon Oct 17 17:15:57 EDT 2022
/var/lib/slurmd/job64029210/slurm_script: line 34: conda: command not found
