
Lmod is automatically replacing "Python/3.6.4" with "Conda/3".

Getting contig statistics
Thu Sep  1 09:40:25 EDT 2022
 
 
Cen08_13102015_R1_S1
Thu Sep  1 09:40:25 EDT 2022
 
 
Getting contig stats and renaming contigs to be shorter
 
Number of arguments:  4 arguments.
Input contig directory:  /mnt/research/ShadeLab/Barnett/Centralia_metagenome/filt_contigs/
Directory for stats:  /mnt/research/ShadeLab/Barnett/Centralia_metagenome/annotations/contig_statistics/
Sample:  Cen08_13102015_R1_S1

---

Done!
Thu Sep  1 09:40:40 EDT 2022
 
 
Cen08_12102016_R1_S2
Thu Sep  1 09:40:40 EDT 2022
 
 
Getting contig stats and renaming contigs to be shorter
 
Number of arguments:  4 arguments.
Input contig directory:  /mnt/research/ShadeLab/Barnett/Centralia_metagenome/filt_contigs/
Directory for stats:  /mnt/research/ShadeLab/Barnett/Centralia_metagenome/annotations/contig_statistics/
Sample:  Cen08_12102016_R1_S2

---

Done!
Thu Sep  1 09:40:49 EDT 2022
 
 
Cen08_21102017_R1_S3
Thu Sep  1 09:40:49 EDT 2022
 
 
Getting contig stats and renaming contigs to be shorter
 
Number of arguments:  4 arguments.
Input contig directory:  /mnt/research/ShadeLab/Barnett/Centralia_metagenome/filt_contigs/
Directory for stats:  /mnt/research/ShadeLab/Barnett/Centralia_metagenome/annotations/contig_statistics/
Sample:  Cen08_21102017_R1_S3

---

Done!
Thu Sep  1 09:40:57 EDT 2022
 
 
Cen08_04102018_R1_S4
Thu Sep  1 09:40:57 EDT 2022
 
 
Getting contig stats and renaming contigs to be shorter
 
Number of arguments:  4 arguments.
Input contig directory:  /mnt/research/ShadeLab/Barnett/Centralia_metagenome/filt_contigs/
Directory for stats:  /mnt/research/ShadeLab/Barnett/Centralia_metagenome/annotations/contig_statistics/
Sample:  Cen08_04102018_R1_S4

---

Done!
Thu Sep  1 09:41:04 EDT 2022
 
 
Cen08_15102020_R1_S5
Thu Sep  1 09:41:04 EDT 2022
 
 
Getting contig stats and renaming contigs to be shorter
 
Number of arguments:  4 arguments.
Input contig directory:  /mnt/research/ShadeLab/Barnett/Centralia_metagenome/filt_contigs/
Directory for stats:  /mnt/research/ShadeLab/Barnett/Centralia_metagenome/annotations/contig_statistics/
Sample:  Cen08_15102020_R1_S5

---

Done!
Thu Sep  1 09:41:12 EDT 2022
 
 
Cen08_06102021_R1_S6
Thu Sep  1 09:41:12 EDT 2022
 
 
Getting contig stats and renaming contigs to be shorter
 
Number of arguments:  4 arguments.
Input contig directory:  /mnt/research/ShadeLab/Barnett/Centralia_metagenome/filt_contigs/
Directory for stats:  /mnt/research/ShadeLab/Barnett/Centralia_metagenome/annotations/contig_statistics/
Sample:  Cen08_06102021_R1_S6

---

Done!
Thu Sep  1 09:41:21 EDT 2022
 
 
Cen11_12102015_R1_S7
Thu Sep  1 09:41:21 EDT 2022
 
 
Getting contig stats and renaming contigs to be shorter
 
Number of arguments:  4 arguments.
Input contig directory:  /mnt/research/ShadeLab/Barnett/Centralia_metagenome/filt_contigs/
Directory for stats:  /mnt/research/ShadeLab/Barnett/Centralia_metagenome/annotations/contig_statistics/
Sample:  Cen11_12102015_R1_S7

---

Done!
Thu Sep  1 09:41:33 EDT 2022
 
 
Cen11_11102016_R1_S8
Thu Sep  1 09:41:33 EDT 2022
 
 
Getting contig stats and renaming contigs to be shorter
 
Number of arguments:  4 arguments.
Input contig directory:  /mnt/research/ShadeLab/Barnett/Centralia_metagenome/filt_contigs/
Directory for stats:  /mnt/research/ShadeLab/Barnett/Centralia_metagenome/annotations/contig_statistics/
Sample:  Cen11_11102016_R1_S8

---

Done!
Thu Sep  1 09:41:44 EDT 2022
 
 
Cen11_20102017_R1_S9
Thu Sep  1 09:41:44 EDT 2022
 
 
Getting contig stats and renaming contigs to be shorter
 
Number of arguments:  4 arguments.
Input contig directory:  /mnt/research/ShadeLab/Barnett/Centralia_metagenome/filt_contigs/
Directory for stats:  /mnt/research/ShadeLab/Barnett/Centralia_metagenome/annotations/contig_statistics/
Sample:  Cen11_20102017_R1_S9

---

Done!
Thu Sep  1 09:41:59 EDT 2022
 
 
Cen11_03102018_R1_S10
Thu Sep  1 09:41:59 EDT 2022
 
 
Getting contig stats and renaming contigs to be shorter
 
Number of arguments:  4 arguments.
Input contig directory:  /mnt/research/ShadeLab/Barnett/Centralia_metagenome/filt_contigs/
Directory for stats:  /mnt/research/ShadeLab/Barnett/Centralia_metagenome/annotations/contig_statistics/
Sample:  Cen11_03102018_R1_S10

---

Done!
Thu Sep  1 09:42:13 EDT 2022
 
 
Cen11_06102019_R1_S11
Thu Sep  1 09:42:13 EDT 2022
 
 
Getting contig stats and renaming contigs to be shorter
 
Number of arguments:  4 arguments.
Input contig directory:  /mnt/research/ShadeLab/Barnett/Centralia_metagenome/filt_contigs/
Directory for stats:  /mnt/research/ShadeLab/Barnett/Centralia_metagenome/annotations/contig_statistics/
Sample:  Cen11_06102019_R1_S11

---

Done!
Thu Sep  1 09:42:21 EDT 2022
 
 
Cen11_13102020_R1_S12
Thu Sep  1 09:42:21 EDT 2022
 
 
Getting contig stats and renaming contigs to be shorter
 
Number of arguments:  4 arguments.
Input contig directory:  /mnt/research/ShadeLab/Barnett/Centralia_metagenome/filt_contigs/
Directory for stats:  /mnt/research/ShadeLab/Barnett/Centralia_metagenome/annotations/contig_statistics/
Sample:  Cen11_13102020_R1_S12

---

Done!
Thu Sep  1 09:42:32 EDT 2022
 
 
Cen11_06102021_R1_S13
Thu Sep  1 09:42:32 EDT 2022
 
 
Getting contig stats and renaming contigs to be shorter
 
Number of arguments:  4 arguments.
Input contig directory:  /mnt/research/ShadeLab/Barnett/Centralia_metagenome/filt_contigs/
Directory for stats:  /mnt/research/ShadeLab/Barnett/Centralia_metagenome/annotations/contig_statistics/
Sample:  Cen11_06102021_R1_S13

---

Done!
Thu Sep  1 09:42:38 EDT 2022
 
 
Cen14_12102015_R1_S14
Thu Sep  1 09:42:38 EDT 2022
 
 
Getting contig stats and renaming contigs to be shorter
 
Number of arguments:  4 arguments.
Input contig directory:  /mnt/research/ShadeLab/Barnett/Centralia_metagenome/filt_contigs/
Directory for stats:  /mnt/research/ShadeLab/Barnett/Centralia_metagenome/annotations/contig_statistics/
Sample:  Cen14_12102015_R1_S14

---

Done!
Thu Sep  1 09:42:52 EDT 2022
 
 
Cen14_11102016_R1_S15
Thu Sep  1 09:42:52 EDT 2022
 
 
Getting contig stats and renaming contigs to be shorter
 
Number of arguments:  4 arguments.
Input contig directory:  /mnt/research/ShadeLab/Barnett/Centralia_metagenome/filt_contigs/
Directory for stats:  /mnt/research/ShadeLab/Barnett/Centralia_metagenome/annotations/contig_statistics/
Sample:  Cen14_11102016_R1_S15

---

Done!
Thu Sep  1 09:43:06 EDT 2022
 
 
Cen14_19102017_R1_S16
Thu Sep  1 09:43:06 EDT 2022
 
 
Getting contig stats and renaming contigs to be shorter
 
Number of arguments:  4 arguments.
Input contig directory:  /mnt/research/ShadeLab/Barnett/Centralia_metagenome/filt_contigs/
Directory for stats:  /mnt/research/ShadeLab/Barnett/Centralia_metagenome/annotations/contig_statistics/
Sample:  Cen14_19102017_R1_S16

---

Done!
Thu Sep  1 09:43:19 EDT 2022
 
 
Cen14_02102018_R1_S17
Thu Sep  1 09:43:19 EDT 2022
 
 
Getting contig stats and renaming contigs to be shorter
 
Number of arguments:  4 arguments.
Input contig directory:  /mnt/research/ShadeLab/Barnett/Centralia_metagenome/filt_contigs/
Directory for stats:  /mnt/research/ShadeLab/Barnett/Centralia_metagenome/annotations/contig_statistics/
Sample:  Cen14_02102018_R1_S17

---

Done!
Thu Sep  1 09:43:33 EDT 2022
 
 
Cen14_06102019_R1_S18
Thu Sep  1 09:43:33 EDT 2022
 
 
Getting contig stats and renaming contigs to be shorter
 
Number of arguments:  4 arguments.
Input contig directory:  /mnt/research/ShadeLab/Barnett/Centralia_metagenome/filt_contigs/
Directory for stats:  /mnt/research/ShadeLab/Barnett/Centralia_metagenome/annotations/contig_statistics/
Sample:  Cen14_06102019_R1_S18

---

Done!
Thu Sep  1 09:43:46 EDT 2022
 
 
Cen14_13102020_R1_S19
Thu Sep  1 09:43:46 EDT 2022
 
 
Getting contig stats and renaming contigs to be shorter
 
Number of arguments:  4 arguments.
Input contig directory:  /mnt/research/ShadeLab/Barnett/Centralia_metagenome/filt_contigs/
Directory for stats:  /mnt/research/ShadeLab/Barnett/Centralia_metagenome/annotations/contig_statistics/
Sample:  Cen14_13102020_R1_S19

---

Done!
Thu Sep  1 09:43:57 EDT 2022
 
 
Cen14_05102021_R1_S20
Thu Sep  1 09:43:57 EDT 2022
 
 
Getting contig stats and renaming contigs to be shorter
 
Number of arguments:  4 arguments.
Input contig directory:  /mnt/research/ShadeLab/Barnett/Centralia_metagenome/filt_contigs/
Directory for stats:  /mnt/research/ShadeLab/Barnett/Centralia_metagenome/annotations/contig_statistics/
Sample:  Cen14_05102021_R1_S20

---

Done!
Thu Sep  1 09:44:06 EDT 2022
 
 
Cen15_12102015_R1_S21
Thu Sep  1 09:44:06 EDT 2022
 
 
Getting contig stats and renaming contigs to be shorter
 
Number of arguments:  4 arguments.
Input contig directory:  /mnt/research/ShadeLab/Barnett/Centralia_metagenome/filt_contigs/
Directory for stats:  /mnt/research/ShadeLab/Barnett/Centralia_metagenome/annotations/contig_statistics/
Sample:  Cen15_12102015_R1_S21

---

Done!
Thu Sep  1 09:44:20 EDT 2022
 
 
Cen15_11102016_R1_S22
Thu Sep  1 09:44:20 EDT 2022
 
 
Getting contig stats and renaming contigs to be shorter
 
Number of arguments:  4 arguments.
Input contig directory:  /mnt/research/ShadeLab/Barnett/Centralia_metagenome/filt_contigs/
Directory for stats:  /mnt/research/ShadeLab/Barnett/Centralia_metagenome/annotations/contig_statistics/
Sample:  Cen15_11102016_R1_S22

---

Done!
Thu Sep  1 09:44:34 EDT 2022
 
 
Cen15_19102017_R1_S23
Thu Sep  1 09:44:34 EDT 2022
 
 
Getting contig stats and renaming contigs to be shorter
 
Number of arguments:  4 arguments.
Input contig directory:  /mnt/research/ShadeLab/Barnett/Centralia_metagenome/filt_contigs/
Directory for stats:  /mnt/research/ShadeLab/Barnett/Centralia_metagenome/annotations/contig_statistics/
Sample:  Cen15_19102017_R1_S23

---

Done!
Thu Sep  1 09:44:47 EDT 2022
 
 
Cen15_02102018_R1_S24
Thu Sep  1 09:44:47 EDT 2022
 
 
Getting contig stats and renaming contigs to be shorter
 
Number of arguments:  4 arguments.
Input contig directory:  /mnt/research/ShadeLab/Barnett/Centralia_metagenome/filt_contigs/
Directory for stats:  /mnt/research/ShadeLab/Barnett/Centralia_metagenome/annotations/contig_statistics/
Sample:  Cen15_02102018_R1_S24

---

Done!
Thu Sep  1 09:45:00 EDT 2022
 
 
Cen15_06102019_R1_S25
Thu Sep  1 09:45:00 EDT 2022
 
 
Getting contig stats and renaming contigs to be shorter
 
Number of arguments:  4 arguments.
Input contig directory:  /mnt/research/ShadeLab/Barnett/Centralia_metagenome/filt_contigs/
Directory for stats:  /mnt/research/ShadeLab/Barnett/Centralia_metagenome/annotations/contig_statistics/
Sample:  Cen15_06102019_R1_S25

---

Done!
Thu Sep  1 09:45:05 EDT 2022
 
 
Cen15_13102020_R1_S26
Thu Sep  1 09:45:05 EDT 2022
 
 
Getting contig stats and renaming contigs to be shorter
 
Number of arguments:  4 arguments.
Input contig directory:  /mnt/research/ShadeLab/Barnett/Centralia_metagenome/filt_contigs/
Directory for stats:  /mnt/research/ShadeLab/Barnett/Centralia_metagenome/annotations/contig_statistics/
Sample:  Cen15_13102020_R1_S26

---

Done!
Thu Sep  1 09:45:15 EDT 2022
 
 
Cen15_05102021_R1_S27
Thu Sep  1 09:45:15 EDT 2022
 
 
Getting contig stats and renaming contigs to be shorter
 
Number of arguments:  4 arguments.
Input contig directory:  /mnt/research/ShadeLab/Barnett/Centralia_metagenome/filt_contigs/
Directory for stats:  /mnt/research/ShadeLab/Barnett/Centralia_metagenome/annotations/contig_statistics/
Sample:  Cen15_05102021_R1_S27

---

Done!
Thu Sep  1 09:45:24 EDT 2022
 
 
Cen16_12102015_R1_S28
Thu Sep  1 09:45:24 EDT 2022
 
 
Getting contig stats and renaming contigs to be shorter
 
Number of arguments:  4 arguments.
Input contig directory:  /mnt/research/ShadeLab/Barnett/Centralia_metagenome/filt_contigs/
Directory for stats:  /mnt/research/ShadeLab/Barnett/Centralia_metagenome/annotations/contig_statistics/
Sample:  Cen16_12102015_R1_S28

---

Done!
Thu Sep  1 09:45:38 EDT 2022
 
 
Cen16_11102016_R1_S29
Thu Sep  1 09:45:38 EDT 2022
 
 
Getting contig stats and renaming contigs to be shorter
 
Number of arguments:  4 arguments.
Input contig directory:  /mnt/research/ShadeLab/Barnett/Centralia_metagenome/filt_contigs/
Directory for stats:  /mnt/research/ShadeLab/Barnett/Centralia_metagenome/annotations/contig_statistics/
Sample:  Cen16_11102016_R1_S29

---

Done!
Thu Sep  1 09:45:52 EDT 2022
 
 
Cen16_19102017_R1_S30
Thu Sep  1 09:45:52 EDT 2022
 
 
Getting contig stats and renaming contigs to be shorter
 
Number of arguments:  4 arguments.
Input contig directory:  /mnt/research/ShadeLab/Barnett/Centralia_metagenome/filt_contigs/
Directory for stats:  /mnt/research/ShadeLab/Barnett/Centralia_metagenome/annotations/contig_statistics/
Sample:  Cen16_19102017_R1_S30

---

Done!
Thu Sep  1 09:46:00 EDT 2022
 
 
Cen16_02102018_R1_S31
Thu Sep  1 09:46:00 EDT 2022
 
 
Getting contig stats and renaming contigs to be shorter
 
Number of arguments:  4 arguments.
Input contig directory:  /mnt/research/ShadeLab/Barnett/Centralia_metagenome/filt_contigs/
Directory for stats:  /mnt/research/ShadeLab/Barnett/Centralia_metagenome/annotations/contig_statistics/
Sample:  Cen16_02102018_R1_S31

---

Done!
Thu Sep  1 09:46:11 EDT 2022
 
 
Cen16_06102019_R1_S32
Thu Sep  1 09:46:11 EDT 2022
 
 
Getting contig stats and renaming contigs to be shorter
 
Number of arguments:  4 arguments.
Input contig directory:  /mnt/research/ShadeLab/Barnett/Centralia_metagenome/filt_contigs/
Directory for stats:  /mnt/research/ShadeLab/Barnett/Centralia_metagenome/annotations/contig_statistics/
Sample:  Cen16_06102019_R1_S32

---

Done!
Thu Sep  1 09:46:26 EDT 2022
 
 
Cen16_15102020_R1_S33
Thu Sep  1 09:46:26 EDT 2022
 
 
Getting contig stats and renaming contigs to be shorter
 
Number of arguments:  4 arguments.
Input contig directory:  /mnt/research/ShadeLab/Barnett/Centralia_metagenome/filt_contigs/
Directory for stats:  /mnt/research/ShadeLab/Barnett/Centralia_metagenome/annotations/contig_statistics/
Sample:  Cen16_15102020_R1_S33

---

Done!
Thu Sep  1 09:46:37 EDT 2022
 
 
Cen16_05102021_R1_S34
Thu Sep  1 09:46:37 EDT 2022
 
 
Getting contig stats and renaming contigs to be shorter
 
Number of arguments:  4 arguments.
Input contig directory:  /mnt/research/ShadeLab/Barnett/Centralia_metagenome/filt_contigs/
Directory for stats:  /mnt/research/ShadeLab/Barnett/Centralia_metagenome/annotations/contig_statistics/
Sample:  Cen16_05102021_R1_S34

---

Done!
Thu Sep  1 09:46:51 EDT 2022
 
 
Cen17_12102015_R1_S35
Thu Sep  1 09:46:51 EDT 2022
 
 
Getting contig stats and renaming contigs to be shorter
 
Number of arguments:  4 arguments.
Input contig directory:  /mnt/research/ShadeLab/Barnett/Centralia_metagenome/filt_contigs/
Directory for stats:  /mnt/research/ShadeLab/Barnett/Centralia_metagenome/annotations/contig_statistics/
Sample:  Cen17_12102015_R1_S35

---

Done!
Thu Sep  1 09:46:54 EDT 2022
 
 
Cen17_12102016_R1_S36
Thu Sep  1 09:46:54 EDT 2022
 
 
Getting contig stats and renaming contigs to be shorter
 
Number of arguments:  4 arguments.
Input contig directory:  /mnt/research/ShadeLab/Barnett/Centralia_metagenome/filt_contigs/
Directory for stats:  /mnt/research/ShadeLab/Barnett/Centralia_metagenome/annotations/contig_statistics/
Sample:  Cen17_12102016_R1_S36

---

Done!
Thu Sep  1 09:47:03 EDT 2022
 
 
Cen17_21102017_R1_S37
Thu Sep  1 09:47:03 EDT 2022
 
 
Getting contig stats and renaming contigs to be shorter
 
Number of arguments:  4 arguments.
Input contig directory:  /mnt/research/ShadeLab/Barnett/Centralia_metagenome/filt_contigs/
Directory for stats:  /mnt/research/ShadeLab/Barnett/Centralia_metagenome/annotations/contig_statistics/
Sample:  Cen17_21102017_R1_S37

---

Done!
Thu Sep  1 09:47:06 EDT 2022
 
 
Cen17_03102018_R1_S38
Thu Sep  1 09:47:06 EDT 2022
 
 
Getting contig stats and renaming contigs to be shorter
 
Number of arguments:  4 arguments.
Input contig directory:  /mnt/research/ShadeLab/Barnett/Centralia_metagenome/filt_contigs/
Directory for stats:  /mnt/research/ShadeLab/Barnett/Centralia_metagenome/annotations/contig_statistics/
Sample:  Cen17_03102018_R1_S38

---

Done!
Thu Sep  1 09:47:09 EDT 2022
 
 
Cen17_06102019_R1_S39
Thu Sep  1 09:47:09 EDT 2022
 
 
Getting contig stats and renaming contigs to be shorter
 
Number of arguments:  4 arguments.
Input contig directory:  /mnt/research/ShadeLab/Barnett/Centralia_metagenome/filt_contigs/
Directory for stats:  /mnt/research/ShadeLab/Barnett/Centralia_metagenome/annotations/contig_statistics/
Sample:  Cen17_06102019_R1_S39

---

Done!
Thu Sep  1 09:47:13 EDT 2022
 
 
Cen17_14102020_R1_S40
Thu Sep  1 09:47:13 EDT 2022
 
 
Getting contig stats and renaming contigs to be shorter
 
Number of arguments:  4 arguments.
Input contig directory:  /mnt/research/ShadeLab/Barnett/Centralia_metagenome/filt_contigs/
Directory for stats:  /mnt/research/ShadeLab/Barnett/Centralia_metagenome/annotations/contig_statistics/
Sample:  Cen17_14102020_R1_S40

---

Done!
Thu Sep  1 09:47:16 EDT 2022
 
 
Cen17_05102021_R1_S41
Thu Sep  1 09:47:16 EDT 2022
 
 
Getting contig stats and renaming contigs to be shorter
 
Number of arguments:  4 arguments.
Input contig directory:  /mnt/research/ShadeLab/Barnett/Centralia_metagenome/filt_contigs/
Directory for stats:  /mnt/research/ShadeLab/Barnett/Centralia_metagenome/annotations/contig_statistics/
Sample:  Cen17_05102021_R1_S41

---

Done!
Thu Sep  1 09:47:18 EDT 2022
 
 
Cen19_12102015_R1_S42
Thu Sep  1 09:47:18 EDT 2022
 
 
Getting contig stats and renaming contigs to be shorter
 
Number of arguments:  4 arguments.
Input contig directory:  /mnt/research/ShadeLab/Barnett/Centralia_metagenome/filt_contigs/
Directory for stats:  /mnt/research/ShadeLab/Barnett/Centralia_metagenome/annotations/contig_statistics/
Sample:  Cen19_12102015_R1_S42

---

Done!
Thu Sep  1 09:47:38 EDT 2022
 
 
Cen19_11102016_R1_S43
Thu Sep  1 09:47:38 EDT 2022
 
 
Getting contig stats and renaming contigs to be shorter
 
Number of arguments:  4 arguments.
Input contig directory:  /mnt/research/ShadeLab/Barnett/Centralia_metagenome/filt_contigs/
Directory for stats:  /mnt/research/ShadeLab/Barnett/Centralia_metagenome/annotations/contig_statistics/
Sample:  Cen19_11102016_R1_S43

---

Done!
Thu Sep  1 09:47:52 EDT 2022
 
 
Cen19_19102017_R1_S44
Thu Sep  1 09:47:52 EDT 2022
 
 
Getting contig stats and renaming contigs to be shorter
 
Number of arguments:  4 arguments.
Input contig directory:  /mnt/research/ShadeLab/Barnett/Centralia_metagenome/filt_contigs/
Directory for stats:  /mnt/research/ShadeLab/Barnett/Centralia_metagenome/annotations/contig_statistics/
Sample:  Cen19_19102017_R1_S44

---

Done!
Thu Sep  1 09:48:04 EDT 2022
 
 
Cen19_02102018_R1_S45
Thu Sep  1 09:48:04 EDT 2022
 
 
Getting contig stats and renaming contigs to be shorter
 
Number of arguments:  4 arguments.
Input contig directory:  /mnt/research/ShadeLab/Barnett/Centralia_metagenome/filt_contigs/
Directory for stats:  /mnt/research/ShadeLab/Barnett/Centralia_metagenome/annotations/contig_statistics/
Sample:  Cen19_02102018_R1_S45

---

Done!
Thu Sep  1 09:48:15 EDT 2022
 
 
Cen19_06102019_R1_S46
Thu Sep  1 09:48:15 EDT 2022
 
 
Getting contig stats and renaming contigs to be shorter
 
Number of arguments:  4 arguments.
Input contig directory:  /mnt/research/ShadeLab/Barnett/Centralia_metagenome/filt_contigs/
Directory for stats:  /mnt/research/ShadeLab/Barnett/Centralia_metagenome/annotations/contig_statistics/
Sample:  Cen19_06102019_R1_S46

---

Done!
Thu Sep  1 09:48:25 EDT 2022
 
 
Cen19_13102020_R1_S47
Thu Sep  1 09:48:25 EDT 2022
 
 
Getting contig stats and renaming contigs to be shorter
 
Number of arguments:  4 arguments.
Input contig directory:  /mnt/research/ShadeLab/Barnett/Centralia_metagenome/filt_contigs/
Directory for stats:  /mnt/research/ShadeLab/Barnett/Centralia_metagenome/annotations/contig_statistics/
Sample:  Cen19_13102020_R1_S47

---

Done!
Thu Sep  1 09:48:35 EDT 2022
 
 
Cen19_05102021_R1_S48
Thu Sep  1 09:48:35 EDT 2022
 
 
Getting contig stats and renaming contigs to be shorter
 
Number of arguments:  4 arguments.
Input contig directory:  /mnt/research/ShadeLab/Barnett/Centralia_metagenome/filt_contigs/
Directory for stats:  /mnt/research/ShadeLab/Barnett/Centralia_metagenome/annotations/contig_statistics/
Sample:  Cen19_05102021_R1_S48

---

Done!
Thu Sep  1 09:48:45 EDT 2022
 
 
Cen21_12102015_R1_S49
Thu Sep  1 09:48:45 EDT 2022
 
 
Getting contig stats and renaming contigs to be shorter
 
Number of arguments:  4 arguments.
Input contig directory:  /mnt/research/ShadeLab/Barnett/Centralia_metagenome/filt_contigs/
Directory for stats:  /mnt/research/ShadeLab/Barnett/Centralia_metagenome/annotations/contig_statistics/
Sample:  Cen21_12102015_R1_S49

---

Done!
Thu Sep  1 09:48:58 EDT 2022
 
 
Cen21_11102016_R1_S50
Thu Sep  1 09:48:58 EDT 2022
 
 
Getting contig stats and renaming contigs to be shorter
 
Number of arguments:  4 arguments.
Input contig directory:  /mnt/research/ShadeLab/Barnett/Centralia_metagenome/filt_contigs/
Directory for stats:  /mnt/research/ShadeLab/Barnett/Centralia_metagenome/annotations/contig_statistics/
Sample:  Cen21_11102016_R1_S50

---

Done!
Thu Sep  1 09:49:14 EDT 2022
 
 
Cen21_19102017_R1_S51
Thu Sep  1 09:49:14 EDT 2022
 
 
Getting contig stats and renaming contigs to be shorter
 
Number of arguments:  4 arguments.
Input contig directory:  /mnt/research/ShadeLab/Barnett/Centralia_metagenome/filt_contigs/
Directory for stats:  /mnt/research/ShadeLab/Barnett/Centralia_metagenome/annotations/contig_statistics/
Sample:  Cen21_19102017_R1_S51

---

Done!
Thu Sep  1 09:49:25 EDT 2022
 
 
Cen21_02102018_R1_S52
Thu Sep  1 09:49:25 EDT 2022
 
 
Getting contig stats and renaming contigs to be shorter
 
Number of arguments:  4 arguments.
Input contig directory:  /mnt/research/ShadeLab/Barnett/Centralia_metagenome/filt_contigs/
Directory for stats:  /mnt/research/ShadeLab/Barnett/Centralia_metagenome/annotations/contig_statistics/
Sample:  Cen21_02102018_R1_S52

---

Done!
Thu Sep  1 09:49:36 EDT 2022
 
 
Cen21_06102019_R1_S53
Thu Sep  1 09:49:36 EDT 2022
 
 
Getting contig stats and renaming contigs to be shorter
 
Number of arguments:  4 arguments.
Input contig directory:  /mnt/research/ShadeLab/Barnett/Centralia_metagenome/filt_contigs/
Directory for stats:  /mnt/research/ShadeLab/Barnett/Centralia_metagenome/annotations/contig_statistics/
Sample:  Cen21_06102019_R1_S53

---

Done!
Thu Sep  1 09:49:48 EDT 2022
 
 
Cen21_13102020_R1_S54
Thu Sep  1 09:49:48 EDT 2022
 
 
Getting contig stats and renaming contigs to be shorter
 
Number of arguments:  4 arguments.
Input contig directory:  /mnt/research/ShadeLab/Barnett/Centralia_metagenome/filt_contigs/
Directory for stats:  /mnt/research/ShadeLab/Barnett/Centralia_metagenome/annotations/contig_statistics/
Sample:  Cen21_13102020_R1_S54

---

Done!
Thu Sep  1 09:49:58 EDT 2022
 
 
Cen21_05102021_R1_S55
Thu Sep  1 09:49:58 EDT 2022
 
 
Getting contig stats and renaming contigs to be shorter
 
Number of arguments:  4 arguments.
Input contig directory:  /mnt/research/ShadeLab/Barnett/Centralia_metagenome/filt_contigs/
Directory for stats:  /mnt/research/ShadeLab/Barnett/Centralia_metagenome/annotations/contig_statistics/
Sample:  Cen21_05102021_R1_S55

---

Done!
Thu Sep  1 09:50:12 EDT 2022
 
 
Cen22_12102015_R1_S56
Thu Sep  1 09:50:12 EDT 2022
 
 
Getting contig stats and renaming contigs to be shorter
 
Number of arguments:  4 arguments.
Input contig directory:  /mnt/research/ShadeLab/Barnett/Centralia_metagenome/filt_contigs/
Directory for stats:  /mnt/research/ShadeLab/Barnett/Centralia_metagenome/annotations/contig_statistics/
Sample:  Cen22_12102015_R1_S56

---

Done!
Thu Sep  1 09:50:24 EDT 2022
 
 
Cen22_11102016_R1_S57
Thu Sep  1 09:50:24 EDT 2022
 
 
Getting contig stats and renaming contigs to be shorter
 
Number of arguments:  4 arguments.
Input contig directory:  /mnt/research/ShadeLab/Barnett/Centralia_metagenome/filt_contigs/
Directory for stats:  /mnt/research/ShadeLab/Barnett/Centralia_metagenome/annotations/contig_statistics/
Sample:  Cen22_11102016_R1_S57

---

Done!
Thu Sep  1 09:50:36 EDT 2022
 
 
Cen22_20102017_R1_S58
Thu Sep  1 09:50:36 EDT 2022
 
 
Getting contig stats and renaming contigs to be shorter
 
Number of arguments:  4 arguments.
Input contig directory:  /mnt/research/ShadeLab/Barnett/Centralia_metagenome/filt_contigs/
Directory for stats:  /mnt/research/ShadeLab/Barnett/Centralia_metagenome/annotations/contig_statistics/
Sample:  Cen22_20102017_R1_S58

---

Done!
Thu Sep  1 09:50:54 EDT 2022
 
 
Cen22_03102018_R1_S59
Thu Sep  1 09:50:54 EDT 2022
 
 
Getting contig stats and renaming contigs to be shorter
 
Number of arguments:  4 arguments.
Input contig directory:  /mnt/research/ShadeLab/Barnett/Centralia_metagenome/filt_contigs/
Directory for stats:  /mnt/research/ShadeLab/Barnett/Centralia_metagenome/annotations/contig_statistics/
Sample:  Cen22_03102018_R1_S59

---

Done!
Thu Sep  1 09:51:12 EDT 2022
 
 
Cen22_06102019_R1_S60
Thu Sep  1 09:51:12 EDT 2022
 
 
Getting contig stats and renaming contigs to be shorter
 
Number of arguments:  4 arguments.
Input contig directory:  /mnt/research/ShadeLab/Barnett/Centralia_metagenome/filt_contigs/
Directory for stats:  /mnt/research/ShadeLab/Barnett/Centralia_metagenome/annotations/contig_statistics/
Sample:  Cen22_06102019_R1_S60

---

Done!
Thu Sep  1 09:51:27 EDT 2022
 
 
Cen22_13102020_R1_S61
Thu Sep  1 09:51:27 EDT 2022
 
 
Getting contig stats and renaming contigs to be shorter
 
Number of arguments:  4 arguments.
Input contig directory:  /mnt/research/ShadeLab/Barnett/Centralia_metagenome/filt_contigs/
Directory for stats:  /mnt/research/ShadeLab/Barnett/Centralia_metagenome/annotations/contig_statistics/
Sample:  Cen22_13102020_R1_S61

---

Done!
Thu Sep  1 09:51:43 EDT 2022
 
 
Cen22_07102021_R1_S62
Thu Sep  1 09:51:43 EDT 2022
 
 
Getting contig stats and renaming contigs to be shorter
 
Number of arguments:  4 arguments.
Input contig directory:  /mnt/research/ShadeLab/Barnett/Centralia_metagenome/filt_contigs/
Directory for stats:  /mnt/research/ShadeLab/Barnett/Centralia_metagenome/annotations/contig_statistics/
Sample:  Cen22_07102021_R1_S62

---

Done!
Thu Sep  1 09:51:57 EDT 2022
 
 
Cen23_13102015_R1_S63
Thu Sep  1 09:51:57 EDT 2022
 
 
Getting contig stats and renaming contigs to be shorter
 
Number of arguments:  4 arguments.
Input contig directory:  /mnt/research/ShadeLab/Barnett/Centralia_metagenome/filt_contigs/
Directory for stats:  /mnt/research/ShadeLab/Barnett/Centralia_metagenome/annotations/contig_statistics/
Sample:  Cen23_13102015_R1_S63

---

Done!
Thu Sep  1 09:52:02 EDT 2022
 
 
Cen23_12102016_R1_S64
Thu Sep  1 09:52:02 EDT 2022
 
 
Getting contig stats and renaming contigs to be shorter
 
Number of arguments:  4 arguments.
Input contig directory:  /mnt/research/ShadeLab/Barnett/Centralia_metagenome/filt_contigs/
Directory for stats:  /mnt/research/ShadeLab/Barnett/Centralia_metagenome/annotations/contig_statistics/
Sample:  Cen23_12102016_R1_S64

---

Done!
Thu Sep  1 09:52:11 EDT 2022
 
 
Cen23_21102017_R1_S65
Thu Sep  1 09:52:11 EDT 2022
 
 
Getting contig stats and renaming contigs to be shorter
 
Number of arguments:  4 arguments.
Input contig directory:  /mnt/research/ShadeLab/Barnett/Centralia_metagenome/filt_contigs/
Directory for stats:  /mnt/research/ShadeLab/Barnett/Centralia_metagenome/annotations/contig_statistics/
Sample:  Cen23_21102017_R1_S65

---

Done!
Thu Sep  1 09:52:17 EDT 2022
 
 
Cen23_04102018_R1_S66
Thu Sep  1 09:52:17 EDT 2022
 
 
Getting contig stats and renaming contigs to be shorter
 
Number of arguments:  4 arguments.
Input contig directory:  /mnt/research/ShadeLab/Barnett/Centralia_metagenome/filt_contigs/
Directory for stats:  /mnt/research/ShadeLab/Barnett/Centralia_metagenome/annotations/contig_statistics/
Sample:  Cen23_04102018_R1_S66

---

Done!
Thu Sep  1 09:52:20 EDT 2022
 
 
Cen23_07102019_R1_S67
Thu Sep  1 09:52:20 EDT 2022
 
 
Getting contig stats and renaming contigs to be shorter
 
Number of arguments:  4 arguments.
Input contig directory:  /mnt/research/ShadeLab/Barnett/Centralia_metagenome/filt_contigs/
Directory for stats:  /mnt/research/ShadeLab/Barnett/Centralia_metagenome/annotations/contig_statistics/
Sample:  Cen23_07102019_R1_S67

---

Done!
Thu Sep  1 09:52:26 EDT 2022
 
 
Cen23_15102020_R1_S68
Thu Sep  1 09:52:26 EDT 2022
 
 
Getting contig stats and renaming contigs to be shorter
 
Number of arguments:  4 arguments.
Input contig directory:  /mnt/research/ShadeLab/Barnett/Centralia_metagenome/filt_contigs/
Directory for stats:  /mnt/research/ShadeLab/Barnett/Centralia_metagenome/annotations/contig_statistics/
Sample:  Cen23_15102020_R1_S68

---

Done!
Thu Sep  1 09:52:30 EDT 2022
 
 
Cen23_06102021_R1_S69
Thu Sep  1 09:52:30 EDT 2022
 
 
Getting contig stats and renaming contigs to be shorter
 
Number of arguments:  4 arguments.
Input contig directory:  /mnt/research/ShadeLab/Barnett/Centralia_metagenome/filt_contigs/
Directory for stats:  /mnt/research/ShadeLab/Barnett/Centralia_metagenome/annotations/contig_statistics/
Sample:  Cen23_06102021_R1_S69

---

Done!
Thu Sep  1 09:52:34 EDT 2022
 
 
Done with all sites!
Thu Sep  1 09:52:34 EDT 2022
